#
# There is insufficient memory for the Java Runtime Environment to continue.
# Native memory allocation (malloc) failed to allocate 2444480 bytes. Error detail: Chunk::new
# Possible reasons:
#   The system is out of physical RAM or swap space
#   This process is running with CompressedOops enabled, and the Java Heap may be blocking the growth of the native heap
# Possible solutions:
#   Reduce memory load on the system
#   Increase physical memory or swap space
#   Check if swap backing store is full
#   Decrease Java heap size (-Xmx/-Xms)
#   Decrease number of Java threads
#   Decrease Java thread stack sizes (-Xss)
#   Set larger code cache with -XX:ReservedCodeCacheSize=
#   JVM is running with Unscaled Compressed Oops mode in which the Java heap is
#     placed in the first 4GB address space. The Java Heap base address is the
#     maximum limit for the native heap growth. Please use -XX:HeapBaseMinAddress
#     to set the Java Heap base and to place the Java Heap above 4GB virtual address.
# This output file may be truncated or incomplete.
#
#  Out of Memory Error (arena.cpp:168), pid=5916, tid=4204
#
# JRE version: OpenJDK Runtime Environment Temurin-21.0.10+7 (21.0.10+7) (build 21.0.10+7-LTS)
# Java VM: OpenJDK 64-Bit Server VM Temurin-21.0.10+7 (21.0.10+7-LTS, mixed mode, sharing, tiered, compressed oops, compressed class ptrs, parallel gc, windows-amd64)
# No core dump will be written. Minidumps are not enabled by default on client versions of Windows
#

---------------  S U M M A R Y ------------

Command Line: --add-modules=ALL-SYSTEM --add-opens=java.base/java.util=ALL-UNNAMED --add-opens=java.base/java.lang=ALL-UNNAMED --add-opens=java.base/sun.nio.fs=ALL-UNNAMED -Declipse.application=org.eclipse.jdt.ls.core.id1 -Dosgi.bundles.defaultStartLevel=4 -Declipse.product=org.eclipse.jdt.ls.core.product -Djava.import.generatesMetadataFilesAtProjectRoot=false -DDetectVMInstallationsJob.disabled=true -Dfile.encoding=utf8 -XX:+UseParallelGC -XX:GCTimeRatio=4 -XX:AdaptiveSizePolicyWeight=90 -Dsun.zip.disableMemoryMapping=true -Xmx2G -Xms100m -Xlog:disable -javaagent:c:\Users\parul\.vscode\extensions\redhat.java-1.54.0-win32-x64\lombok\lombok-1.18.39-4050.jar -XX:+HeapDumpOnOutOfMemoryError -XX:HeapDumpPath=c:\Users\parul\AppData\Roaming\Code\User\workspaceStorage\c5d74f5cc2d371020d141fc816593487\redhat.java -Daether.dependencyCollector.impl=bf c:\Users\parul\.vscode\extensions\redhat.java-1.54.0-win32-x64\server\plugins\org.eclipse.equinox.launcher_1.7.100.v20251111-0406.jar -configuration c:\Users\parul\AppData\Roaming\Code\User\globalStorage\redhat.java\1.54.0\config_win -data c:\Users\parul\AppData\Roaming\Code\User\workspaceStorage\c5d74f5cc2d371020d141fc816593487\redhat.java\jdt_ws --pipe=\\.\pipe\lsp-59d78abce16925518c7dcb0ec9e61255-sock

Host: Intel(R) Core(TM) i7-10510U CPU @ 1.80GHz, 8 cores, 7G,  Windows 11 , 64 bit Build 26100 (10.0.26100.8246)
Time: Wed Apr 22 16:24:36 2026 India Standard Time elapsed time: 71.747150 seconds (0d 0h 1m 11s)

---------------  T H R E A D  ---------------

Current thread (0x0000025a67511940):  JavaThread "C2 CompilerThread1" daemon [_thread_in_native, id=4204, stack(0x000000eb48a00000,0x000000eb48b00000) (1024K)]


Current CompileTask:
C2:71747 11823 %     4       java.util.Properties::load0 @ 29 (249 bytes)

Stack: [0x000000eb48a00000,0x000000eb48b00000]
Native frames: (J=compiled Java code, j=interpreted, Vv=VM code, C=native code)
V  [jvm.dll+0x6d7a39]
V  [jvm.dll+0x8b4b26]
V  [jvm.dll+0x8b70de]
V  [jvm.dll+0x8b77c3]
V  [jvm.dll+0x284346]
V  [jvm.dll+0xc66ed]
V  [jvm.dll+0xc6c31]
V  [jvm.dll+0x3bec3b]
V  [jvm.dll+0x1e3f69]
V  [jvm.dll+0x24c6b3]
V  [jvm.dll+0x24bb40]
V  [jvm.dll+0x1cb34e]
V  [jvm.dll+0x25b85d]
V  [jvm.dll+0x259dea]
V  [jvm.dll+0x3f857e]
V  [jvm.dll+0x85f59d]
V  [jvm.dll+0x6d626d]
C  [ucrtbase.dll+0x37b0]
C  [KERNEL32.DLL+0x2e8d7]
C  [ntdll.dll+0x8c3fc]


---------------  P R O C E S S  ---------------

Threads class SMR info:
_java_thread_list=0x0000025a6515cf20, length=49, elements={
0x0000025a07cbc800, 0x0000025a07d7af00, 0x0000025a07d7e4f0, 0x0000025a1e7380d0,
0x0000025a1e738b30, 0x0000025a1e73eb50, 0x0000025a1e73ced0, 0x0000025a1e74c0b0,
0x0000025a1e74d530, 0x0000025a65183ba0, 0x0000025a6531c170, 0x0000025a658fed10,
0x0000025a658db050, 0x0000025a65d7e080, 0x0000025a65afe000, 0x0000025a65f0efb0,
0x0000025a65f935d0, 0x0000025a664df6e0, 0x0000025a65e008f0, 0x0000025a65e01610,
0x0000025a65e00f80, 0x0000025a65e01ca0, 0x0000025a67847bd0, 0x0000025a67845b00,
0x0000025a67846190, 0x0000025a67846eb0, 0x0000025a67847540, 0x0000025a67844750,
0x0000025a67848260, 0x0000025a67846820, 0x0000025a67844de0, 0x0000025a678488f0,
0x0000025a67845470, 0x0000025a6784b6e0, 0x0000025a67848f80, 0x0000025a67849ca0,
0x0000025a6784b050, 0x0000025a6784bd70, 0x0000025a6784a330, 0x0000025a6784a9c0,
0x0000025a668ee7d0, 0x0000025a668ec070, 0x0000025a668ef4f0, 0x0000025a668ecd90,
0x0000025a668ed420, 0x0000025a668edab0, 0x0000025a668ec700, 0x0000025a668f15c0,
0x0000025a67511940
}

Java Threads: ( => current thread )
  0x0000025a07cbc800 JavaThread "main"                              [_thread_blocked, id=20232, stack(0x000000eb48d00000,0x000000eb48e00000) (1024K)]
  0x0000025a07d7af00 JavaThread "Reference Handler"          daemon [_thread_blocked, id=17832, stack(0x000000eb49100000,0x000000eb49200000) (1024K)]
  0x0000025a07d7e4f0 JavaThread "Finalizer"                  daemon [_thread_blocked, id=16420, stack(0x000000eb49200000,0x000000eb49300000) (1024K)]
  0x0000025a1e7380d0 JavaThread "Signal Dispatcher"          daemon [_thread_blocked, id=18740, stack(0x000000eb49300000,0x000000eb49400000) (1024K)]
  0x0000025a1e738b30 JavaThread "Attach Listener"            daemon [_thread_blocked, id=15780, stack(0x000000eb49400000,0x000000eb49500000) (1024K)]
  0x0000025a1e73eb50 JavaThread "Service Thread"             daemon [_thread_blocked, id=7300, stack(0x000000eb49500000,0x000000eb49600000) (1024K)]
  0x0000025a1e73ced0 JavaThread "Monitor Deflation Thread"   daemon [_thread_blocked, id=21320, stack(0x000000eb49600000,0x000000eb49700000) (1024K)]
  0x0000025a1e74c0b0 JavaThread "C2 CompilerThread0"         daemon [_thread_blocked, id=10908, stack(0x000000eb49700000,0x000000eb49800000) (1024K)]
  0x0000025a1e74d530 JavaThread "C1 CompilerThread0"         daemon [_thread_blocked, id=15868, stack(0x000000eb49800000,0x000000eb49900000) (1024K)]
  0x0000025a65183ba0 JavaThread "Common-Cleaner"             daemon [_thread_blocked, id=11640, stack(0x000000eb49900000,0x000000eb49a00000) (1024K)]
  0x0000025a6531c170 JavaThread "Notification Thread"        daemon [_thread_blocked, id=868, stack(0x000000eb49b00000,0x000000eb49c00000) (1024K)]
  0x0000025a658fed10 JavaThread "Active Thread: Equinox Container: 9c2f3f67-01e2-4820-9021-718c44679f8d"        [_thread_blocked, id=11100, stack(0x000000eb4a300000,0x000000eb4a400000) (1024K)]
  0x0000025a658db050 JavaThread "Refresh Thread: Equinox Container: 9c2f3f67-01e2-4820-9021-718c44679f8d" daemon [_thread_blocked, id=6192, stack(0x000000eb4a500000,0x000000eb4a600000) (1024K)]
  0x0000025a65d7e080 JavaThread "Framework Event Dispatcher: Equinox Container: 9c2f3f67-01e2-4820-9021-718c44679f8d" daemon [_thread_blocked, id=22388, stack(0x000000eb4a600000,0x000000eb4a700000) (1024K)]
  0x0000025a65afe000 JavaThread "Start Level: Equinox Container: 9c2f3f67-01e2-4820-9021-718c44679f8d" daemon [_thread_blocked, id=16736, stack(0x000000eb4a700000,0x000000eb4a800000) (1024K)]
  0x0000025a65f0efb0 JavaThread "Bundle File Closer"         daemon [_thread_blocked, id=20576, stack(0x000000eb4a800000,0x000000eb4a900000) (1024K)]
  0x0000025a65f935d0 JavaThread "SCR Component Actor"        daemon [_thread_blocked, id=18460, stack(0x000000eb49a00000,0x000000eb49b00000) (1024K)]
  0x0000025a664df6e0 JavaThread "Worker-JM"                         [_thread_blocked, id=20680, stack(0x000000eb49c00000,0x000000eb49d00000) (1024K)]
  0x0000025a65e008f0 JavaThread "Worker-0"                          [_thread_blocked, id=7508, stack(0x000000eb4a900000,0x000000eb4aa00000) (1024K)]
  0x0000025a65e01610 JavaThread "Worker-1"                          [_thread_blocked, id=22524, stack(0x000000eb4aa00000,0x000000eb4ab00000) (1024K)]
  0x0000025a65e00f80 JavaThread "Java indexing"              daemon [_thread_blocked, id=2488, stack(0x000000eb4ac00000,0x000000eb4ad00000) (1024K)]
  0x0000025a65e01ca0 JavaThread "JNA Cleaner"                daemon [_thread_blocked, id=3140, stack(0x000000eb4ad00000,0x000000eb4ae00000) (1024K)]
  0x0000025a67847bd0 JavaThread "Worker-2"                          [_thread_blocked, id=15268, stack(0x000000eb4ae00000,0x000000eb4af00000) (1024K)]
  0x0000025a67845b00 JavaThread "Worker-3"                          [_thread_blocked, id=9616, stack(0x000000eb4b100000,0x000000eb4b200000) (1024K)]
  0x0000025a67846190 JavaThread "Worker-4"                          [_thread_blocked, id=10492, stack(0x000000eb4b200000,0x000000eb4b300000) (1024K)]
  0x0000025a67846eb0 JavaThread "Worker-5"                          [_thread_blocked, id=10936, stack(0x000000eb4b300000,0x000000eb4b400000) (1024K)]
  0x0000025a67847540 JavaThread "Thread-1"                   daemon [_thread_in_native, id=17816, stack(0x000000eb4b400000,0x000000eb4b500000) (1024K)]
  0x0000025a67844750 JavaThread "Thread-2"                   daemon [_thread_in_native, id=15812, stack(0x000000eb4b500000,0x000000eb4b600000) (1024K)]
  0x0000025a67848260 JavaThread "Thread-3"                   daemon [_thread_in_native, id=12300, stack(0x000000eb4b600000,0x000000eb4b700000) (1024K)]
  0x0000025a67846820 JavaThread "Thread-4"                   daemon [_thread_in_native, id=15660, stack(0x000000eb4b700000,0x000000eb4b800000) (1024K)]
  0x0000025a67844de0 JavaThread "Thread-5"                   daemon [_thread_in_native, id=21092, stack(0x000000eb4b800000,0x000000eb4b900000) (1024K)]
  0x0000025a678488f0 JavaThread "Thread-6"                   daemon [_thread_in_native, id=19748, stack(0x000000eb4b900000,0x000000eb4ba00000) (1024K)]
  0x0000025a67845470 JavaThread "Thread-7"                   daemon [_thread_in_native, id=21568, stack(0x000000eb4ba00000,0x000000eb4bb00000) (1024K)]
  0x0000025a6784b6e0 JavaThread "Thread-8"                   daemon [_thread_in_native, id=15388, stack(0x000000eb4bb00000,0x000000eb4bc00000) (1024K)]
  0x0000025a67848f80 JavaThread "Thread-9"                   daemon [_thread_in_native, id=15764, stack(0x000000eb4bc00000,0x000000eb4bd00000) (1024K)]
  0x0000025a67849ca0 JavaThread "pool-2-thread-1"                   [_thread_blocked, id=18912, stack(0x000000eb4bd00000,0x000000eb4be00000) (1024K)]
  0x0000025a6784b050 JavaThread "WorkspaceEventsHandler"            [_thread_blocked, id=7660, stack(0x000000eb4bf00000,0x000000eb4c000000) (1024K)]
  0x0000025a6784bd70 JavaThread "pool-1-thread-1"                   [_thread_blocked, id=20564, stack(0x000000eb4c000000,0x000000eb4c100000) (1024K)]
  0x0000025a6784a330 JavaThread "ForkJoinPool.commonPool-worker-1" daemon [_thread_blocked, id=10400, stack(0x000000eb4c200000,0x000000eb4c300000) (1024K)]
  0x0000025a6784a9c0 JavaThread "ForkJoinPool.commonPool-worker-2" daemon [_thread_blocked, id=4060, stack(0x000000eb4c300000,0x000000eb4c400000) (1024K)]
  0x0000025a668ee7d0 JavaThread "ForkJoinPool.commonPool-worker-3" daemon [_thread_blocked, id=17136, stack(0x000000eb4c400000,0x000000eb4c500000) (1024K)]
  0x0000025a668ec070 JavaThread "ForkJoinPool.commonPool-worker-4" daemon [_thread_blocked, id=16948, stack(0x000000eb4c500000,0x000000eb4c600000) (1024K)]
  0x0000025a668ef4f0 JavaThread "Compiler Source File Reader" daemon [_thread_blocked, id=12452, stack(0x000000eb4c600000,0x000000eb4c700000) (1024K)]
  0x0000025a668ecd90 JavaThread "Compiler Processing Task"   daemon [_thread_blocked, id=12128, stack(0x000000eb4c700000,0x000000eb4c800000) (1024K)]
  0x0000025a668ed420 JavaThread "ForkJoinPool.commonPool-worker-5" daemon [_thread_blocked, id=21852, stack(0x000000eb4c800000,0x000000eb4c900000) (1024K)]
  0x0000025a668edab0 JavaThread "ForkJoinPool.commonPool-worker-6" daemon [_thread_blocked, id=20932, stack(0x000000eb4c900000,0x000000eb4ca00000) (1024K)]
  0x0000025a668ec700 JavaThread "ForkJoinPool.commonPool-worker-7" daemon [_thread_blocked, id=21000, stack(0x000000eb4ca00000,0x000000eb4cb00000) (1024K)]
  0x0000025a668f15c0 JavaThread "Cleaner-0"                  daemon [_thread_blocked, id=15508, stack(0x000000eb4cb00000,0x000000eb4cc00000) (1024K)]
=>0x0000025a67511940 JavaThread "C2 CompilerThread1"         daemon [_thread_in_native, id=4204, stack(0x000000eb48a00000,0x000000eb48b00000) (1024K)]
Total: 49

Other Threads:
  0x0000025a07d60bb0 VMThread "VM Thread"                           [id=11620, stack(0x000000eb49000000,0x000000eb49100000) (1024K)]
  0x0000025a1e64ca00 WatcherThread "VM Periodic Task Thread"        [id=16632, stack(0x000000eb48f00000,0x000000eb49000000) (1024K)]
  0x0000025a07cda9b0 WorkerThread "GC Thread#0"                     [id=19620, stack(0x000000eb48e00000,0x000000eb48f00000) (1024K)]
  0x0000025a652ed120 WorkerThread "GC Thread#1"                     [id=19388, stack(0x000000eb49d00000,0x000000eb49e00000) (1024K)]
  0x0000025a652ec260 WorkerThread "GC Thread#2"                     [id=20136, stack(0x000000eb49e00000,0x000000eb49f00000) (1024K)]
  0x0000025a652ebeb0 WorkerThread "GC Thread#3"                     [id=4212, stack(0x000000eb49f00000,0x000000eb4a000000) (1024K)]
  0x0000025a652ec610 WorkerThread "GC Thread#4"                     [id=9920, stack(0x000000eb4a000000,0x000000eb4a100000) (1024K)]
  0x0000025a652ec9c0 WorkerThread "GC Thread#5"                     [id=19472, stack(0x000000eb4a100000,0x000000eb4a200000) (1024K)]
  0x0000025a652ecd70 WorkerThread "GC Thread#6"                     [id=16908, stack(0x000000eb4a200000,0x000000eb4a300000) (1024K)]
  0x0000025a65ad1510 WorkerThread "GC Thread#7"                     [id=19096, stack(0x000000eb4a400000,0x000000eb4a500000) (1024K)]
Total: 10

Threads with active compile tasks:
C2 CompilerThread1  71787 11823 %     4       java.util.Properties::load0 @ 29 (249 bytes)
Total: 1

VM state: not at safepoint (normal execution)

VM Mutex/Monitor currently owned by a thread: None

Heap address: 0x0000000080000000, size: 2048 MB, Compressed Oops mode: 32-bit

CDS archive(s) mapped at: [0x0000025a1f000000-0x0000025a1fba0000-0x0000025a1fba0000), size 12189696, SharedBaseAddress: 0x0000025a1f000000, ArchiveRelocationMode: 1.
Compressed class space mapped at: 0x0000025a20000000-0x0000025a60000000, reserved size: 1073741824
Narrow klass base: 0x0000025a1f000000, Narrow klass shift: 0, Narrow klass range: 0x100000000

GC Precious Log:
 CardTable entry size: 512
 CPUs: 8 total, 8 available
 Memory: 7942M
 Large Page Support: Disabled
 NUMA Support: Disabled
 Compressed Oops: Enabled (32-bit)
 Alignments: Space 512K, Generation 512K, Heap 2M
 Heap Min Capacity: 100M
 Heap Initial Capacity: 100M
 Heap Max Capacity: 2G
 Pre-touch: Disabled
 Parallel Workers: 8

Heap:
 PSYoungGen      total 2560K, used 1591K [0x00000000d5580000, 0x00000000d5900000, 0x0000000100000000)
  eden space 2048K, 69% used [0x00000000d5580000,0x00000000d56e5ec0,0x00000000d5780000)
  from space 512K, 31% used [0x00000000d5800000,0x00000000d5828000,0x00000000d5880000)
  to   space 512K, 0% used [0x00000000d5880000,0x00000000d5880000,0x00000000d5900000)
 ParOldGen       total 438272K, used 438190K [0x0000000080000000, 0x000000009ac00000, 0x00000000d5580000)
  object space 438272K, 99% used [0x0000000080000000,0x000000009abeba78,0x000000009ac00000)
 Metaspace       used 71422K, committed 72896K, reserved 1179648K
  class space    used 7550K, committed 8192K, reserved 1048576K

Card table byte_map: [0x0000025a07660000,0x0000025a07a70000] _byte_map_base: 0x0000025a07260000

Marking Bits: (ParMarkBitMap*) 0x00007ffcfa163450
 Begin Bits: [0x0000025a1a170000, 0x0000025a1c170000)
 End Bits:   [0x0000025a1c170000, 0x0000025a1e170000)

Polling page: 0x0000025a05c70000

Metaspace:

Usage:
  Non-class:     62.37 MB used.
      Class:      7.37 MB used.
       Both:     69.75 MB used.

Virtual space:
  Non-class space:      128.00 MB reserved,      63.19 MB ( 49%) committed,  2 nodes.
      Class space:        1.00 GB reserved,       8.00 MB ( <1%) committed,  1 nodes.
             Both:        1.12 GB reserved,      71.19 MB (  6%) committed. 

Chunk freelists:
   Non-Class:  15.97 MB
       Class:  8.03 MB
        Both:  24.00 MB

MaxMetaspaceSize: unlimited
CompressedClassSpaceSize: 1.00 GB
Initial GC threshold: 21.00 MB
Current GC threshold: 97.31 MB
CDS: on
 - commit_granule_bytes: 65536.
 - commit_granule_words: 8192.
 - virtual_space_node_default_size: 8388608.
 - enlarge_chunks_in_place: 1.
 - use_allocation_guard: 0.


Internal statistics:

num_allocs_failed_limit: 9.
num_arena_births: 1182.
num_arena_deaths: 14.
num_vsnodes_births: 3.
num_vsnodes_deaths: 0.
num_space_committed: 1139.
num_space_uncommitted: 0.
num_chunks_returned_to_freelist: 23.
num_chunks_taken_from_freelist: 4349.
num_chunk_merges: 12.
num_chunk_splits: 2673.
num_chunks_enlarged: 1545.
num_inconsistent_stats: 0.

CodeHeap 'non-profiled nmethods': size=120000Kb used=7619Kb max_used=7619Kb free=112381Kb
 bounds [0x0000025a12990000, 0x0000025a13110000, 0x0000025a19ec0000]
CodeHeap 'profiled nmethods': size=120000Kb used=25982Kb max_used=25982Kb free=94017Kb
 bounds [0x0000025a0aec0000, 0x0000025a0c820000, 0x0000025a123f0000]
CodeHeap 'non-nmethods': size=5760Kb used=1500Kb max_used=1666Kb free=4259Kb
 bounds [0x0000025a123f0000, 0x0000025a12660000, 0x0000025a12990000]
CodeCache: size=245760Kb, used=35101Kb, max_used=35267Kb, free=210657Kb
 total_blobs=12065, nmethods=11245, adapters=723, full_count=0
Compilation: enabled, stopped_count=0, restarted_count=0

Compilation events (20 events):
Event: 70.546 Thread 0x0000025a6750fe00 11937       4       org.eclipse.jdt.core.dom.ASTVisitor::endVisit (1 bytes)
Event: 70.546 Thread 0x0000025a6750fe00 nmethod 11937 0x0000025a130ed410 code [0x0000025a130ed5a0, 0x0000025a130ed628]
Event: 70.546 Thread 0x0000025a6750fe00 11955       4       java.nio.ByteBuffer::<init> (14 bytes)
Event: 70.547 Thread 0x0000025a6750fe00 nmethod 11955 0x0000025a130ed710 code [0x0000025a130ed8a0, 0x0000025a130eda08]
Event: 70.547 Thread 0x0000025a6750fe00 11919       4       org.eclipse.core.internal.resources.Resource::hashCode (8 bytes)
Event: 70.547 Thread 0x0000025a6750fe00 nmethod 11919 0x0000025a130edb90 code [0x0000025a130edd20, 0x0000025a130ede30]
Event: 70.547 Thread 0x0000025a6750fe00 11926       4       org.eclipse.core.internal.preferences.EclipsePreferences::get (16 bytes)
Event: 70.548 Thread 0x0000025a6750fe00 nmethod 11926 0x0000025a130edf90 code [0x0000025a130ee120, 0x0000025a130ee1d8]
Event: 70.548 Thread 0x0000025a6750fe00 11830       4       java.lang.invoke.MethodType::isConvertibleTo (164 bytes)
Event: 70.549 Thread 0x0000025a6750fe00 nmethod 11830 0x0000025a130ee290 code [0x0000025a130ee480, 0x0000025a130ee7e8]
Event: 70.549 Thread 0x0000025a6750fe00 11826       4       java.lang.invoke.MethodType::methodType (44 bytes)
Event: 70.550 Thread 0x0000025a6750fe00 nmethod 11826 0x0000025a130eeb10 code [0x0000025a130eecc0, 0x0000025a130eee80]
Event: 70.550 Thread 0x0000025a6750fe00 11822  s    4       java.util.Properties::put (10 bytes)
Event: 70.551 Thread 0x0000025a6750fe00 nmethod 11822 0x0000025a130ef010 code [0x0000025a130ef1a0, 0x0000025a130ef488]
Event: 70.551 Thread 0x0000025a6750fe00 11867       4       org.eclipse.jdt.core.dom.ASTVisitor::endVisit (1 bytes)
Event: 70.551 Thread 0x0000025a6750fe00 nmethod 11867 0x0000025a130ef590 code [0x0000025a130ef720, 0x0000025a130ef7a8]
Event: 70.551 Thread 0x0000025a6750fe00 11908       4       com.google.gson.internal.bind.ReflectiveTypeAdapterFactory$FieldReflectionAdapter::readField (7 bytes)
Event: 70.551 Thread 0x0000025a6750fe00 nmethod 11908 0x0000025a130ef890 code [0x0000025a130efa20, 0x0000025a130efb00]
Event: 70.706 Thread 0x0000025a1e74c0b0 nmethod 11888 0x0000025a130efc10 code [0x0000025a130f0bc0, 0x0000025a130f9dc0]
Event: 71.017 Thread 0x0000025a1e74d530 11956       1       org.eclipse.lsp4j.jsonrpc.messages.NotificationMessage::getMethod (5 bytes)

GC Heap History (20 events):
Event: 69.614 GC heap before
{Heap before GC invocations=299 (full 3):
 PSYoungGen      total 2560K, used 2528K [0x00000000d5580000, 0x00000000d5980000, 0x0000000100000000)
  eden space 2048K, 100% used [0x00000000d5580000,0x00000000d5780000,0x00000000d5780000)
  from space 512K, 93% used [0x00000000d5800000,0x00000000d5878000,0x00000000d5880000)
  to   space 1024K, 0% used [0x00000000d5880000,0x00000000d5880000,0x00000000d5980000)
 ParOldGen       total 436224K, used 436213K [0x0000000080000000, 0x000000009aa00000, 0x00000000d5580000)
  object space 436224K, 99% used [0x0000000080000000,0x000000009a9fd408,0x000000009aa00000)
 Metaspace       used 70792K, committed 72192K, reserved 1114112K
  class space    used 7511K, committed 8128K, reserved 1048576K
}
Event: 69.616 GC heap after
{Heap after GC invocations=299 (full 3):
 PSYoungGen      total 2560K, used 464K [0x00000000d5580000, 0x00000000d5900000, 0x0000000100000000)
  eden space 2048K, 0% used [0x00000000d5580000,0x00000000d5580000,0x00000000d5780000)
  from space 512K, 90% used [0x00000000d5880000,0x00000000d58f4010,0x00000000d5900000)
  to   space 512K, 0% used [0x00000000d5800000,0x00000000d5800000,0x00000000d5880000)
 ParOldGen       total 436736K, used 436573K [0x0000000080000000, 0x000000009aa80000, 0x00000000d5580000)
  object space 436736K, 99% used [0x0000000080000000,0x000000009aa57408,0x000000009aa80000)
 Metaspace       used 70792K, committed 72192K, reserved 1114112K
  class space    used 7511K, committed 8128K, reserved 1048576K
}
Event: 69.920 GC heap before
{Heap before GC invocations=300 (full 3):
 PSYoungGen      total 2560K, used 2512K [0x00000000d5580000, 0x00000000d5900000, 0x0000000100000000)
  eden space 2048K, 100% used [0x00000000d5580000,0x00000000d5780000,0x00000000d5780000)
  from space 512K, 90% used [0x00000000d5880000,0x00000000d58f4010,0x00000000d5900000)
  to   space 512K, 0% used [0x00000000d5800000,0x00000000d5800000,0x00000000d5880000)
 ParOldGen       total 436736K, used 436573K [0x0000000080000000, 0x000000009aa80000, 0x00000000d5580000)
  object space 436736K, 99% used [0x0000000080000000,0x000000009aa57408,0x000000009aa80000)
 Metaspace       used 70843K, committed 72256K, reserved 1114112K
  class space    used 7512K, committed 8128K, reserved 1048576K
}
Event: 69.926 GC heap after
{Heap after GC invocations=300 (full 3):
 PSYoungGen      total 2560K, used 512K [0x00000000d5580000, 0x00000000d5980000, 0x0000000100000000)
  eden space 2048K, 0% used [0x00000000d5580000,0x00000000d5580000,0x00000000d5780000)
  from space 512K, 100% used [0x00000000d5800000,0x00000000d5880000,0x00000000d5880000)
  to   space 1024K, 0% used [0x00000000d5880000,0x00000000d5880000,0x00000000d5980000)
 ParOldGen       total 437248K, used 436984K [0x0000000080000000, 0x000000009ab00000, 0x00000000d5580000)
  object space 437248K, 99% used [0x0000000080000000,0x000000009aabe318,0x000000009ab00000)
 Metaspace       used 70843K, committed 72256K, reserved 1114112K
  class space    used 7512K, committed 8128K, reserved 1048576K
}
Event: 69.953 GC heap before
{Heap before GC invocations=301 (full 3):
 PSYoungGen      total 2560K, used 2560K [0x00000000d5580000, 0x00000000d5980000, 0x0000000100000000)
  eden space 2048K, 100% used [0x00000000d5580000,0x00000000d5780000,0x00000000d5780000)
  from space 512K, 100% used [0x00000000d5800000,0x00000000d5880000,0x00000000d5880000)
  to   space 1024K, 0% used [0x00000000d5880000,0x00000000d5880000,0x00000000d5980000)
 ParOldGen       total 437248K, used 436984K [0x0000000080000000, 0x000000009ab00000, 0x00000000d5580000)
  object space 437248K, 99% used [0x0000000080000000,0x000000009aabe318,0x000000009ab00000)
 Metaspace       used 70857K, committed 72256K, reserved 1114112K
  class space    used 7512K, committed 8128K, reserved 1048576K
}
Event: 69.954 GC heap after
{Heap after GC invocations=301 (full 3):
 PSYoungGen      total 2560K, used 256K [0x00000000d5580000, 0x00000000d5900000, 0x0000000100000000)
  eden space 2048K, 0% used [0x00000000d5580000,0x00000000d5580000,0x00000000d5780000)
  from space 512K, 50% used [0x00000000d5880000,0x00000000d58c0000,0x00000000d5900000)
  to   space 512K, 0% used [0x00000000d5800000,0x00000000d5800000,0x00000000d5880000)
 ParOldGen       total 437760K, used 437510K [0x0000000080000000, 0x000000009ab80000, 0x00000000d5580000)
  object space 437760K, 99% used [0x0000000080000000,0x000000009ab41a78,0x000000009ab80000)
 Metaspace       used 70857K, committed 72256K, reserved 1114112K
  class space    used 7512K, committed 8128K, reserved 1048576K
}
Event: 70.146 GC heap before
{Heap before GC invocations=302 (full 3):
 PSYoungGen      total 2560K, used 2304K [0x00000000d5580000, 0x00000000d5900000, 0x0000000100000000)
  eden space 2048K, 100% used [0x00000000d5580000,0x00000000d5780000,0x00000000d5780000)
  from space 512K, 50% used [0x00000000d5880000,0x00000000d58c0000,0x00000000d5900000)
  to   space 512K, 0% used [0x00000000d5800000,0x00000000d5800000,0x00000000d5880000)
 ParOldGen       total 437760K, used 437510K [0x0000000080000000, 0x000000009ab80000, 0x00000000d5580000)
  object space 437760K, 99% used [0x0000000080000000,0x000000009ab41a78,0x000000009ab80000)
 Metaspace       used 70872K, committed 72256K, reserved 1114112K
  class space    used 7512K, committed 8128K, reserved 1048576K
}
Event: 70.151 GC heap after
{Heap after GC invocations=302 (full 3):
 PSYoungGen      total 2560K, used 224K [0x00000000d5580000, 0x00000000d5900000, 0x0000000100000000)
  eden space 2048K, 0% used [0x00000000d5580000,0x00000000d5580000,0x00000000d5780000)
  from space 512K, 43% used [0x00000000d5800000,0x00000000d5838000,0x00000000d5880000)
  to   space 512K, 0% used [0x00000000d5880000,0x00000000d5880000,0x00000000d5900000)
 ParOldGen       total 437760K, used 437558K [0x0000000080000000, 0x000000009ab80000, 0x00000000d5580000)
  object space 437760K, 99% used [0x0000000080000000,0x000000009ab4da78,0x000000009ab80000)
 Metaspace       used 70872K, committed 72256K, reserved 1114112K
  class space    used 7512K, committed 8128K, reserved 1048576K
}
Event: 70.395 GC heap before
{Heap before GC invocations=303 (full 3):
 PSYoungGen      total 2560K, used 2272K [0x00000000d5580000, 0x00000000d5900000, 0x0000000100000000)
  eden space 2048K, 100% used [0x00000000d5580000,0x00000000d5780000,0x00000000d5780000)
  from space 512K, 43% used [0x00000000d5800000,0x00000000d5838000,0x00000000d5880000)
  to   space 512K, 0% used [0x00000000d5880000,0x00000000d5880000,0x00000000d5900000)
 ParOldGen       total 437760K, used 437558K [0x0000000080000000, 0x000000009ab80000, 0x00000000d5580000)
  object space 437760K, 99% used [0x0000000080000000,0x000000009ab4da78,0x000000009ab80000)
 Metaspace       used 71143K, committed 72576K, reserved 1114112K
  class space    used 7527K, committed 8128K, reserved 1048576K
}
Event: 70.396 GC heap after
{Heap after GC invocations=303 (full 3):
 PSYoungGen      total 2560K, used 224K [0x00000000d5580000, 0x00000000d5900000, 0x0000000100000000)
  eden space 2048K, 0% used [0x00000000d5580000,0x00000000d5580000,0x00000000d5780000)
  from space 512K, 43% used [0x00000000d5880000,0x00000000d58b8000,0x00000000d5900000)
  to   space 512K, 0% used [0x00000000d5800000,0x00000000d5800000,0x00000000d5880000)
 ParOldGen       total 437760K, used 437606K [0x0000000080000000, 0x000000009ab80000, 0x00000000d5580000)
  object space 437760K, 99% used [0x0000000080000000,0x000000009ab59a78,0x000000009ab80000)
 Metaspace       used 71143K, committed 72576K, reserved 1114112K
  class space    used 7527K, committed 8128K, reserved 1048576K
}
Event: 70.426 GC heap before
{Heap before GC invocations=304 (full 3):
 PSYoungGen      total 2560K, used 2272K [0x00000000d5580000, 0x00000000d5900000, 0x0000000100000000)
  eden space 2048K, 100% used [0x00000000d5580000,0x00000000d5780000,0x00000000d5780000)
  from space 512K, 43% used [0x00000000d5880000,0x00000000d58b8000,0x00000000d5900000)
  to   space 512K, 0% used [0x00000000d5800000,0x00000000d5800000,0x00000000d5880000)
 ParOldGen       total 437760K, used 437606K [0x0000000080000000, 0x000000009ab80000, 0x00000000d5580000)
  object space 437760K, 99% used [0x0000000080000000,0x000000009ab59a78,0x000000009ab80000)
 Metaspace       used 71291K, committed 72768K, reserved 1114112K
  class space    used 7541K, committed 8192K, reserved 1048576K
}
Event: 70.427 GC heap after
{Heap after GC invocations=304 (full 3):
 PSYoungGen      total 2560K, used 320K [0x00000000d5580000, 0x00000000d5900000, 0x0000000100000000)
  eden space 2048K, 0% used [0x00000000d5580000,0x00000000d5580000,0x00000000d5780000)
  from space 512K, 62% used [0x00000000d5800000,0x00000000d5850000,0x00000000d5880000)
  to   space 512K, 0% used [0x00000000d5880000,0x00000000d5880000,0x00000000d5900000)
 ParOldGen       total 437760K, used 437710K [0x0000000080000000, 0x000000009ab80000, 0x00000000d5580000)
  object space 437760K, 99% used [0x0000000080000000,0x000000009ab73a78,0x000000009ab80000)
 Metaspace       used 71291K, committed 72768K, reserved 1114112K
  class space    used 7541K, committed 8192K, reserved 1048576K
}
Event: 70.431 GC heap before
{Heap before GC invocations=305 (full 3):
 PSYoungGen      total 2560K, used 2368K [0x00000000d5580000, 0x00000000d5900000, 0x0000000100000000)
  eden space 2048K, 100% used [0x00000000d5580000,0x00000000d5780000,0x00000000d5780000)
  from space 512K, 62% used [0x00000000d5800000,0x00000000d5850000,0x00000000d5880000)
  to   space 512K, 0% used [0x00000000d5880000,0x00000000d5880000,0x00000000d5900000)
 ParOldGen       total 437760K, used 437710K [0x0000000080000000, 0x000000009ab80000, 0x00000000d5580000)
  object space 437760K, 99% used [0x0000000080000000,0x000000009ab73a78,0x000000009ab80000)
 Metaspace       used 71299K, committed 72768K, reserved 1114112K
  class space    used 7541K, committed 8192K, reserved 1048576K
}
Event: 70.431 GC heap after
{Heap after GC invocations=305 (full 3):
 PSYoungGen      total 2560K, used 64K [0x00000000d5580000, 0x00000000d5900000, 0x0000000100000000)
  eden space 2048K, 0% used [0x00000000d5580000,0x00000000d5580000,0x00000000d5780000)
  from space 512K, 12% used [0x00000000d5880000,0x00000000d5890000,0x00000000d5900000)
  to   space 512K, 0% used [0x00000000d5800000,0x00000000d5800000,0x00000000d5880000)
 ParOldGen       total 438272K, used 438014K [0x0000000080000000, 0x000000009ac00000, 0x00000000d5580000)
  object space 438272K, 99% used [0x0000000080000000,0x000000009abbfa78,0x000000009ac00000)
 Metaspace       used 71299K, committed 72768K, reserved 1114112K
  class space    used 7541K, committed 8192K, reserved 1048576K
}
Event: 70.440 GC heap before
{Heap before GC invocations=306 (full 3):
 PSYoungGen      total 2560K, used 2004K [0x00000000d5580000, 0x00000000d5900000, 0x0000000100000000)
  eden space 2048K, 94% used [0x00000000d5580000,0x00000000d5765008,0x00000000d5780000)
  from space 512K, 12% used [0x00000000d5880000,0x00000000d5890000,0x00000000d5900000)
  to   space 512K, 0% used [0x00000000d5800000,0x00000000d5800000,0x00000000d5880000)
 ParOldGen       total 438272K, used 438014K [0x0000000080000000, 0x000000009ac00000, 0x00000000d5580000)
  object space 438272K, 99% used [0x0000000080000000,0x000000009abbfa78,0x000000009ac00000)
 Metaspace       used 71336K, committed 72832K, reserved 1114112K
  class space    used 7545K, committed 8192K, reserved 1048576K
}
Event: 70.441 GC heap after
{Heap after GC invocations=306 (full 3):
 PSYoungGen      total 2560K, used 328K [0x00000000d5580000, 0x00000000d5900000, 0x0000000100000000)
  eden space 2048K, 0% used [0x00000000d5580000,0x00000000d5580000,0x00000000d5780000)
  from space 512K, 64% used [0x00000000d5800000,0x00000000d5852010,0x00000000d5880000)
  to   space 512K, 0% used [0x00000000d5880000,0x00000000d5880000,0x00000000d5900000)
 ParOldGen       total 438272K, used 438062K [0x0000000080000000, 0x000000009ac00000, 0x00000000d5580000)
  object space 438272K, 99% used [0x0000000080000000,0x000000009abcba78,0x000000009ac00000)
 Metaspace       used 71336K, committed 72832K, reserved 1114112K
  class space    used 7545K, committed 8192K, reserved 1048576K
}
Event: 70.512 GC heap before
{Heap before GC invocations=307 (full 3):
 PSYoungGen      total 2560K, used 2376K [0x00000000d5580000, 0x00000000d5900000, 0x0000000100000000)
  eden space 2048K, 100% used [0x00000000d5580000,0x00000000d5780000,0x00000000d5780000)
  from space 512K, 64% used [0x00000000d5800000,0x00000000d5852010,0x00000000d5880000)
  to   space 512K, 0% used [0x00000000d5880000,0x00000000d5880000,0x00000000d5900000)
 ParOldGen       total 438272K, used 438062K [0x0000000080000000, 0x000000009ac00000, 0x00000000d5580000)
  object space 438272K, 99% used [0x0000000080000000,0x000000009abcba78,0x000000009ac00000)
 Metaspace       used 71395K, committed 72832K, reserved 1114112K
  class space    used 7550K, committed 8192K, reserved 1048576K
}
Event: 70.514 GC heap after
{Heap after GC invocations=307 (full 3):
 PSYoungGen      total 2560K, used 160K [0x00000000d5580000, 0x00000000d5900000, 0x0000000100000000)
  eden space 2048K, 0% used [0x00000000d5580000,0x00000000d5580000,0x00000000d5780000)
  from space 512K, 31% used [0x00000000d5880000,0x00000000d58a8000,0x00000000d5900000)
  to   space 512K, 0% used [0x00000000d5800000,0x00000000d5800000,0x00000000d5880000)
 ParOldGen       total 438272K, used 438110K [0x0000000080000000, 0x000000009ac00000, 0x00000000d5580000)
  object space 438272K, 99% used [0x0000000080000000,0x000000009abd7a78,0x000000009ac00000)
 Metaspace       used 71395K, committed 72832K, reserved 1114112K
  class space    used 7550K, committed 8192K, reserved 1048576K
}
Event: 70.517 GC heap before
{Heap before GC invocations=308 (full 3):
 PSYoungGen      total 2560K, used 2208K [0x00000000d5580000, 0x00000000d5900000, 0x0000000100000000)
  eden space 2048K, 100% used [0x00000000d5580000,0x00000000d5780000,0x00000000d5780000)
  from space 512K, 31% used [0x00000000d5880000,0x00000000d58a8000,0x00000000d5900000)
  to   space 512K, 0% used [0x00000000d5800000,0x00000000d5800000,0x00000000d5880000)
 ParOldGen       total 438272K, used 438110K [0x0000000080000000, 0x000000009ac00000, 0x00000000d5580000)
  object space 438272K, 99% used [0x0000000080000000,0x000000009abd7a78,0x000000009ac00000)
 Metaspace       used 71403K, committed 72832K, reserved 1114112K
  class space    used 7550K, committed 8192K, reserved 1048576K
}
Event: 70.518 GC heap after
{Heap after GC invocations=308 (full 3):
 PSYoungGen      total 2560K, used 160K [0x00000000d5580000, 0x00000000d5900000, 0x0000000100000000)
  eden space 2048K, 0% used [0x00000000d5580000,0x00000000d5580000,0x00000000d5780000)
  from space 512K, 31% used [0x00000000d5800000,0x00000000d5828000,0x00000000d5880000)
  to   space 512K, 0% used [0x00000000d5880000,0x00000000d5880000,0x00000000d5900000)
 ParOldGen       total 438272K, used 438190K [0x0000000080000000, 0x000000009ac00000, 0x00000000d5580000)
  object space 438272K, 99% used [0x0000000080000000,0x000000009abeba78,0x000000009ac00000)
 Metaspace       used 71403K, committed 72832K, reserved 1114112K
  class space    used 7550K, committed 8192K, reserved 1048576K
}

Dll operation events (14 events):
Event: 0.010 Loaded shared library c:\Users\parul\.vscode\extensions\redhat.java-1.54.0-win32-x64\jre\21.0.10-win32-x86_64\bin\java.dll
Event: 0.078 Loaded shared library c:\Users\parul\.vscode\extensions\redhat.java-1.54.0-win32-x64\jre\21.0.10-win32-x86_64\bin\zip.dll
Event: 0.097 Loaded shared library C:\Users\parul\.vscode\extensions\redhat.java-1.54.0-win32-x64\jre\21.0.10-win32-x86_64\bin\instrument.dll
Event: 0.102 Loaded shared library C:\Users\parul\.vscode\extensions\redhat.java-1.54.0-win32-x64\jre\21.0.10-win32-x86_64\bin\net.dll
Event: 0.105 Loaded shared library C:\Users\parul\.vscode\extensions\redhat.java-1.54.0-win32-x64\jre\21.0.10-win32-x86_64\bin\nio.dll
Event: 0.107 Loaded shared library C:\Users\parul\.vscode\extensions\redhat.java-1.54.0-win32-x64\jre\21.0.10-win32-x86_64\bin\zip.dll
Event: 0.119 Loaded shared library C:\Users\parul\.vscode\extensions\redhat.java-1.54.0-win32-x64\jre\21.0.10-win32-x86_64\bin\jimage.dll
Event: 0.177 Loaded shared library c:\Users\parul\.vscode\extensions\redhat.java-1.54.0-win32-x64\jre\21.0.10-win32-x86_64\bin\verify.dll
Event: 1.088 Loaded shared library C:\Users\parul\AppData\Roaming\Code\User\globalStorage\redhat.java\1.54.0\config_win\org.eclipse.equinox.launcher\org.eclipse.equinox.launcher.win32.win32.x86_64_1.3.0.v20260203-2149\eclipse_11919.dll
Event: 4.392 Loaded shared library C:\Users\parul\.vscode\extensions\redhat.java-1.54.0-win32-x64\jre\21.0.10-win32-x86_64\bin\management.dll
Event: 4.395 Loaded shared library C:\Users\parul\.vscode\extensions\redhat.java-1.54.0-win32-x64\jre\21.0.10-win32-x86_64\bin\management_ext.dll
Event: 6.107 Loaded shared library C:\Users\parul\AppData\Local\Temp\jna-106437368\jna6827971136042992355.dll
Event: 6.300 Loaded shared library C:\Users\parul\.vscode\extensions\redhat.java-1.54.0-win32-x64\jre\21.0.10-win32-x86_64\bin\sunmscapi.dll
Event: 6.576 Loaded shared library C:\Users\parul\.vscode\extensions\redhat.java-1.54.0-win32-x64\jre\21.0.10-win32-x86_64\bin\extnet.dll

Deoptimization events (20 events):
Event: 69.955 Thread 0x0000025a6784a9c0 DEOPT PACKING pc=0x0000025a0b6df084 sp=0x000000eb4c3fe1b0
Event: 69.955 Thread 0x0000025a6784a9c0 DEOPT UNPACKING pc=0x0000025a12444242 sp=0x000000eb4c3fd668 mode 0
Event: 69.955 Thread 0x0000025a6784a9c0 DEOPT PACKING pc=0x0000025a0b6df084 sp=0x000000eb4c3fe1b0
Event: 69.955 Thread 0x0000025a6784a9c0 DEOPT UNPACKING pc=0x0000025a12444242 sp=0x000000eb4c3fd668 mode 0
Event: 69.956 Thread 0x0000025a6784a9c0 DEOPT PACKING pc=0x0000025a0b6df084 sp=0x000000eb4c3fe1b0
Event: 69.956 Thread 0x0000025a6784a9c0 DEOPT UNPACKING pc=0x0000025a12444242 sp=0x000000eb4c3fd668 mode 0
Event: 69.957 Thread 0x0000025a6784a9c0 DEOPT PACKING pc=0x0000025a0b6df084 sp=0x000000eb4c3fe1b0
Event: 69.957 Thread 0x0000025a6784a9c0 DEOPT UNPACKING pc=0x0000025a12444242 sp=0x000000eb4c3fd668 mode 0
Event: 70.145 Thread 0x0000025a6784a9c0 DEOPT PACKING pc=0x0000025a0c6406ab sp=0x000000eb4c3fe620
Event: 70.145 Thread 0x0000025a6784a9c0 DEOPT UNPACKING pc=0x0000025a12444242 sp=0x000000eb4c3fdac0 mode 0
Event: 70.360 Thread 0x0000025a6784bd70 Uncommon trap: trap_request=0xffffff45 fr.pc=0x0000025a12a52a1c relative=0x0000000000000a9c
Event: 70.360 Thread 0x0000025a6784bd70 Uncommon trap: reason=unstable_if action=reinterpret pc=0x0000025a12a52a1c method=sun.nio.cs.StreamDecoder.implRead([CII)I @ 36 c2
Event: 70.360 Thread 0x0000025a6784bd70 DEOPT PACKING pc=0x0000025a12a52a1c sp=0x000000eb4c0fe160
Event: 70.360 Thread 0x0000025a6784bd70 DEOPT UNPACKING pc=0x0000025a12443aa2 sp=0x000000eb4c0fe068 mode 2
Event: 70.504 Thread 0x0000025a6784bd70 Uncommon trap: trap_request=0xffffff45 fr.pc=0x0000025a129c0e54 relative=0x00000000000005f4
Event: 70.504 Thread 0x0000025a6784bd70 Uncommon trap: reason=unstable_if action=reinterpret pc=0x0000025a129c0e54 method=sun.nio.cs.StreamDecoder.implRead([CII)I @ 36 c2
Event: 70.504 Thread 0x0000025a6784bd70 DEOPT PACKING pc=0x0000025a129c0e54 sp=0x000000eb4c0fe130
Event: 70.504 Thread 0x0000025a6784bd70 DEOPT UNPACKING pc=0x0000025a12443aa2 sp=0x000000eb4c0fe0f0 mode 2
Event: 70.516 Thread 0x0000025a6784a9c0 DEOPT PACKING pc=0x0000025a0c2de6fe sp=0x000000eb4c3fe250
Event: 70.516 Thread 0x0000025a6784a9c0 DEOPT UNPACKING pc=0x0000025a12444242 sp=0x000000eb4c3fd6d8 mode 0

Classes loaded (20 events):
Event: 11.971 Loading class java/util/concurrent/CompletableFuture$UniApply
Event: 11.971 Loading class java/util/concurrent/CompletableFuture$UniApply done
Event: 11.971 Loading class java/util/concurrent/CompletableFuture$UniExceptionally
Event: 11.972 Loading class java/util/concurrent/CompletableFuture$UniExceptionally done
Event: 12.007 Loading class java/util/concurrent/ConcurrentHashMap$TreeNode
Event: 12.007 Loading class java/util/concurrent/ConcurrentHashMap$TreeNode done
Event: 12.007 Loading class java/util/concurrent/ConcurrentHashMap$TreeBin
Event: 12.008 Loading class java/util/concurrent/ConcurrentHashMap$TreeBin done
Event: 12.125 Loading class java/nio/file/Files$2
Event: 12.125 Loading class java/nio/file/Files$2 done
Event: 12.132 Loading class java/util/concurrent/ArrayBlockingQueue
Event: 12.133 Loading class java/util/concurrent/ArrayBlockingQueue done
Event: 16.958 Loading class sun/security/ssl/Alert
Event: 16.959 Loading class sun/security/ssl/Alert done
Event: 16.959 Loading class sun/security/ssl/Alert$AlertConsumer
Event: 16.960 Loading class sun/security/ssl/Alert$AlertConsumer done
Event: 16.960 Loading class sun/security/ssl/Alert$Level
Event: 16.960 Loading class sun/security/ssl/Alert$Level done
Event: 19.301 Loading class jdk/internal/ref/CleanerImpl$InnocuousThreadFactory
Event: 19.302 Loading class jdk/internal/ref/CleanerImpl$InnocuousThreadFactory done

Classes unloaded (7 events):
Event: 5.424 Thread 0x0000025a07d60bb0 Unloading class 0x0000025a201a8c00 'java/lang/invoke/LambdaForm$MH+0x0000025a201a8c00'
Event: 5.424 Thread 0x0000025a07d60bb0 Unloading class 0x0000025a201a8800 'java/lang/invoke/LambdaForm$MH+0x0000025a201a8800'
Event: 5.424 Thread 0x0000025a07d60bb0 Unloading class 0x0000025a201a8400 'java/lang/invoke/LambdaForm$MH+0x0000025a201a8400'
Event: 5.424 Thread 0x0000025a07d60bb0 Unloading class 0x0000025a201a8000 'java/lang/invoke/LambdaForm$MH+0x0000025a201a8000'
Event: 5.424 Thread 0x0000025a07d60bb0 Unloading class 0x0000025a201a7c00 'java/lang/invoke/LambdaForm$BMH+0x0000025a201a7c00'
Event: 5.424 Thread 0x0000025a07d60bb0 Unloading class 0x0000025a201a7800 'java/lang/invoke/LambdaForm$DMH+0x0000025a201a7800'
Event: 5.424 Thread 0x0000025a07d60bb0 Unloading class 0x0000025a201a6400 'java/lang/invoke/LambdaForm$DMH+0x0000025a201a6400'

Classes redefined (0 events):
No events

Internal exceptions (20 events):
Event: 68.026 Thread 0x0000025a6784bd70 Exception <a 'java/lang/ArrayIndexOutOfBoundsException'{0x00000000d56e9700}: Index 100 out of bounds for length 100> (0x00000000d56e9700) 
thrown [s\src\hotspot\share\interpreter\interpreterRuntime.cpp, line 439]
Event: 68.030 Thread 0x0000025a6784bd70 Exception <a 'java/lang/ArrayIndexOutOfBoundsException'{0x00000000d5645f00}: Index 101 out of bounds for length 101> (0x00000000d5645f00) 
thrown [s\src\hotspot\share\interpreter\interpreterRuntime.cpp, line 439]
Event: 68.034 Thread 0x0000025a6784bd70 Exception <a 'java/lang/ArrayIndexOutOfBoundsException'{0x00000000d55a3428}: Index 97 out of bounds for length 97> (0x00000000d55a3428) 
thrown [s\src\hotspot\share\interpreter\interpreterRuntime.cpp, line 439]
Event: 68.037 Thread 0x0000025a6784bd70 Exception <a 'java/lang/ArrayIndexOutOfBoundsException'{0x00000000d567fc60}: Index 97 out of bounds for length 97> (0x00000000d567fc60) 
thrown [s\src\hotspot\share\interpreter\interpreterRuntime.cpp, line 439]
Event: 68.041 Thread 0x0000025a6784bd70 Exception <a 'java/lang/ArrayIndexOutOfBoundsException'{0x00000000d55dc640}: Index 100 out of bounds for length 100> (0x00000000d55dc640) 
thrown [s\src\hotspot\share\interpreter\interpreterRuntime.cpp, line 439]
Event: 68.044 Thread 0x0000025a6784bd70 Exception <a 'java/lang/ArrayIndexOutOfBoundsException'{0x00000000d56b8e08}: Index 106 out of bounds for length 106> (0x00000000d56b8e08) 
thrown [s\src\hotspot\share\interpreter\interpreterRuntime.cpp, line 439]
Event: 68.048 Thread 0x0000025a6784bd70 Exception <a 'java/lang/ArrayIndexOutOfBoundsException'{0x00000000d56156d8}: Index 99 out of bounds for length 99> (0x00000000d56156d8) 
thrown [s\src\hotspot\share\interpreter\interpreterRuntime.cpp, line 439]
Event: 68.051 Thread 0x0000025a6784bd70 Exception <a 'java/lang/ArrayIndexOutOfBoundsException'{0x00000000d56f1a38}: Index 101 out of bounds for length 101> (0x00000000d56f1a38) 
thrown [s\src\hotspot\share\interpreter\interpreterRuntime.cpp, line 439]
Event: 68.057 Thread 0x0000025a6784bd70 Exception <a 'java/lang/ArrayIndexOutOfBoundsException'{0x00000000d564e170}: Index 99 out of bounds for length 99> (0x00000000d564e170) 
thrown [s\src\hotspot\share\interpreter\interpreterRuntime.cpp, line 439]
Event: 68.063 Thread 0x0000025a6784bd70 Exception <a 'java/lang/ArrayIndexOutOfBoundsException'{0x00000000d55d7770}: Index 100 out of bounds for length 100> (0x00000000d55d7770) 
thrown [s\src\hotspot\share\interpreter\interpreterRuntime.cpp, line 439]
Event: 68.067 Thread 0x0000025a6784bd70 Exception <a 'java/lang/ArrayIndexOutOfBoundsException'{0x00000000d56b3c98}: Index 102 out of bounds for length 102> (0x00000000d56b3c98) 
thrown [s\src\hotspot\share\interpreter\interpreterRuntime.cpp, line 439]
Event: 68.072 Thread 0x0000025a6784bd70 Exception <a 'java/lang/ArrayIndexOutOfBoundsException'{0x00000000d56102a0}: Index 101 out of bounds for length 101> (0x00000000d56102a0) 
thrown [s\src\hotspot\share\interpreter\interpreterRuntime.cpp, line 439]
Event: 68.075 Thread 0x0000025a6784bd70 Exception <a 'java/lang/ArrayIndexOutOfBoundsException'{0x00000000d56ec740}: Index 104 out of bounds for length 104> (0x00000000d56ec740) 
thrown [s\src\hotspot\share\interpreter\interpreterRuntime.cpp, line 439]
Event: 68.081 Thread 0x0000025a6784bd70 Exception <a 'java/lang/ArrayIndexOutOfBoundsException'{0x00000000d5648a00}: Index 100 out of bounds for length 100> (0x00000000d5648a00) 
thrown [s\src\hotspot\share\interpreter\interpreterRuntime.cpp, line 439]
Event: 68.087 Thread 0x0000025a6784bd70 Exception <a 'java/lang/ArrayIndexOutOfBoundsException'{0x00000000d55a4e08}: Index 97 out of bounds for length 97> (0x00000000d55a4e08) 
thrown [s\src\hotspot\share\interpreter\interpreterRuntime.cpp, line 439]
Event: 68.090 Thread 0x0000025a6784bd70 Exception <a 'java/lang/ArrayIndexOutOfBoundsException'{0x00000000d5681618}: Index 101 out of bounds for length 101> (0x00000000d5681618) 
thrown [s\src\hotspot\share\interpreter\interpreterRuntime.cpp, line 439]
Event: 68.094 Thread 0x0000025a6784bd70 Exception <a 'java/lang/ArrayIndexOutOfBoundsException'{0x00000000d55ddca8}: Index 103 out of bounds for length 103> (0x00000000d55ddca8) 
thrown [s\src\hotspot\share\interpreter\interpreterRuntime.cpp, line 439]
Event: 68.500 Thread 0x0000025a6784bd70 Exception <a 'java/lang/IncompatibleClassChangeError'{0x00000000d55d61f0}: Found class java.lang.Object, but interface was expected> (0x00000000d55d61f0) 
thrown [s\src\hotspot\share\interpreter\linkResolver.cpp, line 840]
Event: 68.505 Thread 0x0000025a668ee7d0 Exception <a 'java/lang/NoSuchMethodError'{0x00000000d5690488}: 'java.lang.Object java.lang.invoke.DirectMethodHandle$Holder.invokeSpecial(java.lang.Object, java.lang.Object, java.lang.Object, java.lang.Object, int, java.lang.Object, java.lang.Object)'> (0x00000000d5690488) 
thrown [s\src\hotspot\share\interpreter\linkResolver.cpp, line 773]
Event: 68.506 Thread 0x0000025a6784a9c0 Implicit null exception at 0x0000025a12ceb94f to 0x0000025a12cebac0

ZGC Phase Switch (0 events):
No events

VM Operations (20 events):
Event: 69.616 Executing safepoint VM operation: ParallelGCFailedAllocation (Allocation Failure) done
Event: 69.920 Executing safepoint VM operation: ParallelGCFailedAllocation (Allocation Failure)
Event: 69.926 Executing safepoint VM operation: ParallelGCFailedAllocation (Allocation Failure) done
Event: 69.953 Executing safepoint VM operation: ParallelGCFailedAllocation (Allocation Failure)
Event: 69.954 Executing safepoint VM operation: ParallelGCFailedAllocation (Allocation Failure) done
Event: 70.146 Executing safepoint VM operation: ParallelGCFailedAllocation (Allocation Failure)
Event: 70.151 Executing safepoint VM operation: ParallelGCFailedAllocation (Allocation Failure) done
Event: 70.394 Executing safepoint VM operation: ParallelGCFailedAllocation (Allocation Failure)
Event: 70.396 Executing safepoint VM operation: ParallelGCFailedAllocation (Allocation Failure) done
Event: 70.426 Executing safepoint VM operation: ParallelGCFailedAllocation (Allocation Failure)
Event: 70.427 Executing safepoint VM operation: ParallelGCFailedAllocation (Allocation Failure) done
Event: 70.431 Executing safepoint VM operation: ParallelGCFailedAllocation (Allocation Failure)
Event: 70.431 Executing safepoint VM operation: ParallelGCFailedAllocation (Allocation Failure) done
Event: 70.440 Executing safepoint VM operation: ParallelGCFailedAllocation (Allocation Failure)
Event: 70.441 Executing safepoint VM operation: ParallelGCFailedAllocation (Allocation Failure) done
Event: 70.512 Executing safepoint VM operation: ParallelGCFailedAllocation (Allocation Failure)
Event: 70.514 Executing safepoint VM operation: ParallelGCFailedAllocation (Allocation Failure) done
Event: 70.516 Executing safepoint VM operation: ParallelGCFailedAllocation (Allocation Failure)
Event: 70.518 Executing safepoint VM operation: ParallelGCFailedAllocation (Allocation Failure) done
Event: 71.530 Executing safepoint VM operation: Cleanup

Memory protections (0 events):
No events

Nmethod flushes (20 events):
Event: 10.304 Thread 0x0000025a07d60bb0 flushing  nmethod 0x0000025a0b6fd010
Event: 10.304 Thread 0x0000025a07d60bb0 flushing  nmethod 0x0000025a0b700990
Event: 10.304 Thread 0x0000025a07d60bb0 flushing  nmethod 0x0000025a0b703c10
Event: 10.304 Thread 0x0000025a07d60bb0 flushing  nmethod 0x0000025a0b704310
Event: 10.304 Thread 0x0000025a07d60bb0 flushing  nmethod 0x0000025a0b705710
Event: 10.304 Thread 0x0000025a07d60bb0 flushing  nmethod 0x0000025a0b705f90
Event: 10.304 Thread 0x0000025a07d60bb0 flushing  nmethod 0x0000025a0b707010
Event: 10.304 Thread 0x0000025a07d60bb0 flushing  nmethod 0x0000025a0b708810
Event: 10.304 Thread 0x0000025a07d60bb0 flushing  nmethod 0x0000025a0b710490
Event: 10.304 Thread 0x0000025a07d60bb0 flushing  nmethod 0x0000025a0b714c10
Event: 10.304 Thread 0x0000025a07d60bb0 flushing  nmethod 0x0000025a0b71f790
Event: 10.304 Thread 0x0000025a07d60bb0 flushing  nmethod 0x0000025a0b730690
Event: 10.304 Thread 0x0000025a07d60bb0 flushing  nmethod 0x0000025a0b747490
Event: 10.304 Thread 0x0000025a07d60bb0 flushing  nmethod 0x0000025a0b753f90
Event: 10.304 Thread 0x0000025a07d60bb0 flushing  nmethod 0x0000025a0b757590
Event: 10.304 Thread 0x0000025a07d60bb0 flushing  nmethod 0x0000025a0b75cf90
Event: 10.304 Thread 0x0000025a07d60bb0 flushing  nmethod 0x0000025a0b7aae10
Event: 10.304 Thread 0x0000025a07d60bb0 flushing  nmethod 0x0000025a0b7d9290
Event: 10.304 Thread 0x0000025a07d60bb0 flushing  nmethod 0x0000025a0b7e2e10
Event: 10.304 Thread 0x0000025a07d60bb0 flushing  nmethod 0x0000025a0b7ef790

Events (20 events):
Event: 19.302 Thread 0x0000025a668ee7d0 Thread added: 0x0000025a668f15c0
Event: 21.963 Thread 0x0000025a67849610 Thread exited: 0x0000025a67849610
Event: 28.781 Thread 0x0000025a6750f060 Thread exited: 0x0000025a6750f060
Event: 30.970 Thread 0x0000025a1e74d530 Thread added: 0x0000025a6750fe00
Event: 36.108 Thread 0x0000025a6750fe00 Thread exited: 0x0000025a6750fe00
Event: 67.616 Thread 0x0000025a1e74d530 Thread added: 0x0000025a675104d0
Event: 68.768 Thread 0x0000025a675104d0 Thread exited: 0x0000025a675104d0
Event: 68.956 Thread 0x0000025a1e74d530 Thread added: 0x0000025a67511940
Event: 69.439 Thread 0x0000025a67511940 Thread exited: 0x0000025a67511940
Event: 69.445 Thread 0x0000025a1e74d530 Thread added: 0x0000025a6750fe00
Event: 69.453 Thread 0x0000025a1e74d530 Thread added: 0x0000025a67511940
Event: 69.929 Thread 0x0000025a67511940 Thread exited: 0x0000025a67511940
Event: 70.139 Thread 0x0000025a6750fe00 Thread exited: 0x0000025a6750fe00
Event: 70.172 Thread 0x0000025a1e74d530 Thread added: 0x0000025a67511940
Event: 70.172 Thread 0x0000025a1e74d530 Thread added: 0x0000025a6750fe00
Event: 70.352 Thread 0x0000025a6750fe00 Thread exited: 0x0000025a6750fe00
Event: 70.353 Thread 0x0000025a67511940 Thread exited: 0x0000025a67511940
Event: 70.413 Thread 0x0000025a1e74c0b0 Thread added: 0x0000025a67511940
Event: 70.413 Thread 0x0000025a1e74c0b0 Thread added: 0x0000025a6750fe00
Event: 71.017 Thread 0x0000025a6750fe00 Thread exited: 0x0000025a6750fe00


Dynamic libraries:
0x00007ff763c40000 - 0x00007ff763c4e000 	c:\Users\parul\.vscode\extensions\redhat.java-1.54.0-win32-x64\jre\21.0.10-win32-x86_64\bin\java.exe
0x00007ffd97d20000 - 0x00007ffd97f87000 	C:\WINDOWS\SYSTEM32\ntdll.dll
0x00007ffd96430000 - 0x00007ffd964f9000 	C:\WINDOWS\System32\KERNEL32.DLL
0x00007ffd953c0000 - 0x00007ffd957b4000 	C:\WINDOWS\System32\KERNELBASE.dll
0x00007ffd95140000 - 0x00007ffd9528b000 	C:\WINDOWS\System32\ucrtbase.dll
0x00007ffd80330000 - 0x00007ffd80348000 	c:\Users\parul\.vscode\extensions\redhat.java-1.54.0-win32-x64\jre\21.0.10-win32-x86_64\bin\jli.dll
0x00007ffd8bbd0000 - 0x00007ffd8bbee000 	c:\Users\parul\.vscode\extensions\redhat.java-1.54.0-win32-x64\jre\21.0.10-win32-x86_64\bin\VCRUNTIME140.dll
0x00007ffd95e80000 - 0x00007ffd96045000 	C:\WINDOWS\System32\USER32.dll
0x00007ffd95940000 - 0x00007ffd95967000 	C:\WINDOWS\System32\win32u.dll
0x00007ffd79b40000 - 0x00007ffd79dd3000 	C:\WINDOWS\WinSxS\amd64_microsoft.windows.common-controls_6595b64144ccf1df_6.0.26100.8115_none_3e075c82e3354f9c\COMCTL32.dll
0x00007ffd977e0000 - 0x00007ffd97889000 	C:\WINDOWS\System32\msvcrt.dll
0x00007ffd96980000 - 0x00007ffd969ab000 	C:\WINDOWS\System32\GDI32.dll
0x00007ffd95290000 - 0x00007ffd953bb000 	C:\WINDOWS\System32\gdi32full.dll
0x00007ffd95a00000 - 0x00007ffd95aa3000 	C:\WINDOWS\System32\msvcp_win.dll
0x00007ffd965a0000 - 0x00007ffd965d2000 	C:\WINDOWS\System32\IMM32.DLL
0x00007ffd8e600000 - 0x00007ffd8e60c000 	c:\Users\parul\.vscode\extensions\redhat.java-1.54.0-win32-x64\jre\21.0.10-win32-x86_64\bin\vcruntime140_1.dll
0x00007ffd7fa50000 - 0x00007ffd7fadd000 	c:\Users\parul\.vscode\extensions\redhat.java-1.54.0-win32-x64\jre\21.0.10-win32-x86_64\bin\msvcp140.dll
0x00007ffcf94a0000 - 0x00007ffcfa241000 	c:\Users\parul\.vscode\extensions\redhat.java-1.54.0-win32-x64\jre\21.0.10-win32-x86_64\bin\server\jvm.dll
0x00007ffd95ad0000 - 0x00007ffd95b86000 	C:\WINDOWS\System32\ADVAPI32.dll
0x00007ffd966e0000 - 0x00007ffd96787000 	C:\WINDOWS\System32\sechost.dll
0x00007ffd95d60000 - 0x00007ffd95e78000 	C:\WINDOWS\System32\RPCRT4.dll
0x00007ffd969b0000 - 0x00007ffd96a30000 	C:\WINDOWS\System32\WS2_32.dll
0x00007ffd94450000 - 0x00007ffd944ae000 	C:\WINDOWS\SYSTEM32\POWRPROF.dll
0x00007ffd845a0000 - 0x00007ffd845ab000 	C:\WINDOWS\SYSTEM32\VERSION.dll
0x00007ffd815e0000 - 0x00007ffd81616000 	C:\WINDOWS\SYSTEM32\WINMM.dll
0x00007ffd94430000 - 0x00007ffd94444000 	C:\WINDOWS\SYSTEM32\UMPDC.dll
0x00007ffd93380000 - 0x00007ffd9339b000 	C:\WINDOWS\SYSTEM32\kernel.appcore.dll
0x00007ffd8c6c0000 - 0x00007ffd8c6ca000 	c:\Users\parul\.vscode\extensions\redhat.java-1.54.0-win32-x64\jre\21.0.10-win32-x86_64\bin\jimage.dll
0x00007ffd922e0000 - 0x00007ffd92522000 	C:\WINDOWS\SYSTEM32\DBGHELP.DLL
0x00007ffd960a0000 - 0x00007ffd96422000 	C:\WINDOWS\System32\combase.dll
0x00007ffd978a0000 - 0x00007ffd97978000 	C:\WINDOWS\System32\OLEAUT32.dll
0x00007ffd70b80000 - 0x00007ffd70bbb000 	C:\WINDOWS\SYSTEM32\dbgcore.DLL
0x00007ffd94fd0000 - 0x00007ffd95075000 	C:\WINDOWS\System32\bcryptPrimitives.dll
0x00007ffd8c620000 - 0x00007ffd8c62f000 	c:\Users\parul\.vscode\extensions\redhat.java-1.54.0-win32-x64\jre\21.0.10-win32-x86_64\bin\instrument.dll
0x00007ffd80310000 - 0x00007ffd80330000 	c:\Users\parul\.vscode\extensions\redhat.java-1.54.0-win32-x64\jre\21.0.10-win32-x86_64\bin\java.dll
0x00007ffd96a40000 - 0x00007ffd971a7000 	C:\WINDOWS\System32\SHELL32.dll
0x00007ffd945f0000 - 0x00007ffd9475a000 	C:\WINDOWS\System32\wintypes.dll
0x00007ffd94760000 - 0x00007ffd94fc8000 	C:\WINDOWS\System32\windows.storage.dll
0x00007ffd965e0000 - 0x00007ffd966d8000 	C:\WINDOWS\System32\SHCORE.dll
0x00007ffd96500000 - 0x00007ffd96566000 	C:\WINDOWS\System32\shlwapi.dll
0x00007ffd94510000 - 0x00007ffd94539000 	C:\WINDOWS\SYSTEM32\profapi.dll
0x00007ffd802f0000 - 0x00007ffd80308000 	c:\Users\parul\.vscode\extensions\redhat.java-1.54.0-win32-x64\jre\21.0.10-win32-x86_64\bin\zip.dll
0x00007ffd8c560000 - 0x00007ffd8c570000 	C:\Users\parul\.vscode\extensions\redhat.java-1.54.0-win32-x64\jre\21.0.10-win32-x86_64\bin\net.dll
0x00007ffd86bc0000 - 0x00007ffd86ced000 	C:\WINDOWS\SYSTEM32\WINHTTP.dll
0x00007ffd938f0000 - 0x00007ffd9395c000 	C:\WINDOWS\system32\mswsock.dll
0x00007ffd7f990000 - 0x00007ffd7f9a6000 	C:\Users\parul\.vscode\extensions\redhat.java-1.54.0-win32-x64\jre\21.0.10-win32-x86_64\bin\nio.dll
0x00007ffd8c0d0000 - 0x00007ffd8c0e0000 	c:\Users\parul\.vscode\extensions\redhat.java-1.54.0-win32-x64\jre\21.0.10-win32-x86_64\bin\verify.dll
0x00007ffd7f840000 - 0x00007ffd7f885000 	C:\Users\parul\AppData\Roaming\Code\User\globalStorage\redhat.java\1.54.0\config_win\org.eclipse.equinox.launcher\org.eclipse.equinox.launcher.win32.win32.x86_64_1.3.0.v20260203-2149\eclipse_11919.dll
0x00007ffd971b0000 - 0x00007ffd97347000 	C:\WINDOWS\System32\ole32.dll
0x00007ffd858e0000 - 0x00007ffd858ea000 	C:\Users\parul\.vscode\extensions\redhat.java-1.54.0-win32-x64\jre\21.0.10-win32-x86_64\bin\management.dll
0x00007ffd85860000 - 0x00007ffd8586c000 	C:\Users\parul\.vscode\extensions\redhat.java-1.54.0-win32-x64\jre\21.0.10-win32-x86_64\bin\management_ext.dll
0x00007ffd95c90000 - 0x00007ffd95c98000 	C:\WINDOWS\System32\PSAPI.DLL
0x00007ffd93ca0000 - 0x00007ffd93cbb000 	C:\WINDOWS\SYSTEM32\CRYPTSP.dll
0x00007ffd932e0000 - 0x00007ffd93319000 	C:\WINDOWS\system32\rsaenh.dll
0x00007ffd939a0000 - 0x00007ffd939d3000 	C:\WINDOWS\SYSTEM32\USERENV.dll
0x00007ffd944e0000 - 0x00007ffd9450a000 	C:\WINDOWS\SYSTEM32\bcrypt.dll
0x00007ffd93c90000 - 0x00007ffd93c9c000 	C:\WINDOWS\SYSTEM32\CRYPTBASE.dll
0x00007ffd92ed0000 - 0x00007ffd92f02000 	C:\WINDOWS\SYSTEM32\IPHLPAPI.DLL
0x00007ffd97890000 - 0x00007ffd9789a000 	C:\WINDOWS\System32\NSI.dll
0x00007ffd7f670000 - 0x00007ffd7f6b9000 	C:\Users\parul\AppData\Local\Temp\jna-106437368\jna6827971136042992355.dll
0x00007ffd8bbf0000 - 0x00007ffd8bc0d000 	C:\WINDOWS\SYSTEM32\dhcpcsvc6.DLL
0x00007ffd8bba0000 - 0x00007ffd8bbc5000 	C:\WINDOWS\SYSTEM32\dhcpcsvc.DLL
0x00007ffd81210000 - 0x00007ffd8121e000 	C:\Users\parul\.vscode\extensions\redhat.java-1.54.0-win32-x64\jre\21.0.10-win32-x86_64\bin\sunmscapi.dll
0x00007ffd957c0000 - 0x00007ffd95937000 	C:\WINDOWS\System32\CRYPT32.dll
0x00007ffd93f20000 - 0x00007ffd93f50000 	C:\WINDOWS\SYSTEM32\ncrypt.dll
0x00007ffd93ed0000 - 0x00007ffd93f0f000 	C:\WINDOWS\SYSTEM32\NTASN1.dll
0x00007ffd92f10000 - 0x00007ffd93042000 	C:\WINDOWS\SYSTEM32\DNSAPI.dll
0x0000000061280000 - 0x000000006128b000 	C:\Program Files\National Instruments\Shared\mDNS Responder\nimdnsNSP.dll
0x0000000061260000 - 0x0000000061271000 	C:\WINDOWS\SYSTEM32\nimdnsResponder.dll
0x00007ffd89b50000 - 0x00007ffd89b5b000 	C:\Windows\System32\rasadhlp.dll
0x00007ffd8c350000 - 0x00007ffd8c3d6000 	C:\WINDOWS\System32\fwpuclnt.dll
0x00007ffd7fa40000 - 0x00007ffd7fa49000 	C:\Users\parul\.vscode\extensions\redhat.java-1.54.0-win32-x64\jre\21.0.10-win32-x86_64\bin\extnet.dll

JVMTI agents:
c:\Users\parul\.vscode\extensions\redhat.java-1.54.0-win32-x64\lombok\lombok-1.18.39-4050.jar path:c:\Users\parul\.vscode\extensions\redhat.java-1.54.0-win32-x64\jre\21.0.10-win32-x86_64\bin\instrument.dll, loaded, initialized, instrumentlib options:none

dbghelp: loaded successfully - version: 4.0.5 - missing functions: none
symbol engine: initialized successfully - sym options: 0x614 - pdb path: .;c:\Users\parul\.vscode\extensions\redhat.java-1.54.0-win32-x64\jre\21.0.10-win32-x86_64\bin;C:\WINDOWS\SYSTEM32;C:\WINDOWS\WinSxS\amd64_microsoft.windows.common-controls_6595b64144ccf1df_6.0.26100.8115_none_3e075c82e3354f9c;c:\Users\parul\.vscode\extensions\redhat.java-1.54.0-win32-x64\jre\21.0.10-win32-x86_64\bin\server;C:\Users\parul\AppData\Roaming\Code\User\globalStorage\redhat.java\1.54.0\config_win\org.eclipse.equinox.launcher\org.eclipse.equinox.launcher.win32.win32.x86_64_1.3.0.v20260203-2149;C:\Users\parul\AppData\Local\Temp\jna-106437368;C:\Program Files\National Instruments\Shared\mDNS Responder

VM Arguments:
jvm_args: --add-modules=ALL-SYSTEM --add-opens=java.base/java.util=ALL-UNNAMED --add-opens=java.base/java.lang=ALL-UNNAMED --add-opens=java.base/sun.nio.fs=ALL-UNNAMED -Declipse.application=org.eclipse.jdt.ls.core.id1 -Dosgi.bundles.defaultStartLevel=4 -Declipse.product=org.eclipse.jdt.ls.core.product -Djava.import.generatesMetadataFilesAtProjectRoot=false -DDetectVMInstallationsJob.disabled=true -Dfile.encoding=utf8 -XX:+UseParallelGC -XX:GCTimeRatio=4 -XX:AdaptiveSizePolicyWeight=90 -Dsun.zip.disableMemoryMapping=true -Xmx2G -Xms100m -Xlog:disable -javaagent:c:\Users\parul\.vscode\extensions\redhat.java-1.54.0-win32-x64\lombok\lombok-1.18.39-4050.jar -XX:+HeapDumpOnOutOfMemoryError -XX:HeapDumpPath=c:\Users\parul\AppData\Roaming\Code\User\workspaceStorage\c5d74f5cc2d371020d141fc816593487\redhat.java -Daether.dependencyCollector.impl=bf 
java_command: c:\Users\parul\.vscode\extensions\redhat.java-1.54.0-win32-x64\server\plugins\org.eclipse.equinox.launcher_1.7.100.v20251111-0406.jar -configuration c:\Users\parul\AppData\Roaming\Code\User\globalStorage\redhat.java\1.54.0\config_win -data c:\Users\parul\AppData\Roaming\Code\User\workspaceStorage\c5d74f5cc2d371020d141fc816593487\redhat.java\jdt_ws --pipe=\\.\pipe\lsp-59d78abce16925518c7dcb0ec9e61255-sock
java_class_path (initial): c:\Users\parul\.vscode\extensions\redhat.java-1.54.0-win32-x64\server\plugins\org.eclipse.equinox.launcher_1.7.100.v20251111-0406.jar
Launcher Type: SUN_STANDARD

[Global flags]
    uintx AdaptiveSizePolicyWeight                 = 90                                        {product} {command line}
     intx CICompilerCount                          = 4                                         {product} {ergonomic}
    uintx GCTimeRatio                              = 4                                         {product} {command line}
     bool HeapDumpOnOutOfMemoryError               = true                                   {manageable} {command line}
    ccstr HeapDumpPath                             = c:\Users\parul\AppData\Roaming\Code\User\workspaceStorage\c5d74f5cc2d371020d141fc816593487\redhat.java         {manageable} {command line}
   size_t InitialHeapSize                          = 104857600                                 {product} {command line}
   size_t MaxHeapSize                              = 2147483648                                {product} {command line}
   size_t MaxNewSize                               = 715653120                                 {product} {ergonomic}
   size_t MinHeapDeltaBytes                        = 524288                                    {product} {ergonomic}
   size_t MinHeapSize                              = 104857600                                 {product} {command line}
   size_t NewSize                                  = 34603008                                  {product} {ergonomic}
    uintx NonNMethodCodeHeapSize                   = 5839372                                {pd product} {ergonomic}
    uintx NonProfiledCodeHeapSize                  = 122909434                              {pd product} {ergonomic}
   size_t OldSize                                  = 70254592                                  {product} {ergonomic}
    uintx ProfiledCodeHeapSize                     = 122909434                              {pd product} {ergonomic}
    uintx ReservedCodeCacheSize                    = 251658240                              {pd product} {ergonomic}
     bool SegmentedCodeCache                       = true                                      {product} {ergonomic}
   size_t SoftMaxHeapSize                          = 2147483648                             {manageable} {ergonomic}
     bool UseCompressedOops                        = true                           {product lp64_product} {ergonomic}
     bool UseLargePagesIndividualAllocation        = false                                  {pd product} {ergonomic}
     bool UseParallelGC                            = true                                      {product} {command line}

Logging:
Log output configuration:
 #0: stdout all=off uptime,level,tags foldmultilines=false
 #1: stderr all=off uptime,level,tags foldmultilines=false

Release file:
JAVA_VERSION="21.0.10" 
MODULES="java.base java.compiler java.datatransfer java.xml java.prefs java.desktop java.instrument java.logging java.management java.security.sasl java.naming java.rmi java.management.rmi java.net.http java.scripting java.security.jgss java.transaction.xa java.sql java.sql.rowset java.xml.crypto java.se java.smartcardio jdk.accessibility jdk.internal.jvmstat jdk.attach jdk.charsets jdk.internal.opt jdk.zipfs jdk.compiler jdk.crypto.ec jdk.crypto.cryptoki jdk.crypto.mscapi jdk.dynalink jdk.internal.ed jdk.editpad jdk.hotspot.agent jdk.httpserver jdk.internal.le jdk.internal.vm.ci jdk.internal.vm.compiler jdk.internal.vm.compiler.management jdk.jartool jdk.javadoc jdk.jcmd jdk.management jdk.management.agent jdk.jconsole jdk.jdeps jdk.jdwp.agent jdk.jdi jdk.jfr jdk.jshell jdk.jsobject jdk.jstatd jdk.localedata jdk.management.jfr jdk.naming.dns jdk.naming.rmi jdk.net jdk.nio.mapmode jdk.random jdk.sctp jdk.security.auth jdk.security.jgss jdk.unsupported jdk.unsupported.desktop jdk.xml.dom" 

Environment Variables:
PATH=C:\Users\parul\AppData\Local\Programs\Microsoft VS Code;C:\Program Files\Common Files\Oracle\Java\javapath;C:\Windows\system32;C:\Windows;C:\Windows\System32\Wbem;C:\Windows\System32\WindowsPowerShell\v1.0\;C:\Windows\System32\OpenSSH\;C:\Program Files (x86)\NVIDIA Corporation\PhysX\Common;C:\Program Files\NVIDIA Corporation\NVIDIA NvDLISR;C:\WINDOWS\system32;C:\WINDOWS;C:\WINDOWS\System32\Wbem;C:\WINDOWS\System32\WindowsPowerShell\v1.0\;C:\WINDOWS\System32\OpenSSH\;C:\Program Files\MATLAB\R2023a\runtime\win64;C:\Program Files\MATLAB\R2023a\bin;C:\Program Files\MATLAB\R2021a\runtime\win64;C:\Program Files\MATLAB\R2021a\bin;C:\Program Files\dotnet\;C:\MinGW\bin;C:\Users\parul\Downloads\jdk-24_windows-x64_bin.exe;C:\DELL\Git\cmd;C:\Users\parul\OneDrive\Desktop\apache-maven-3.9.14\bin;C:\Users\parul\AppData\Local\Programs\Python\Python312\Scripts\;C:\Users\parul\AppData\Local\Programs\Python\Python312\;C:\Program Files\MySQL\MySQL Shell 8.0\bin\;C:\Users\parul\AppData\Local\Microsoft\WindowsApps;C:\Users\parul\AppData\Local\Programs\Microsoft VS Code\bin;
USERNAME=parul
OS=Windows_NT
PROCESSOR_IDENTIFIER=Intel64 Family 6 Model 142 Stepping 12, GenuineIntel
TMP=C:\Users\parul\AppData\Local\Temp
TEMP=C:\Users\parul\AppData\Local\Temp




Periodic native trim disabled

---------------  S Y S T E M  ---------------

OS:
 Windows 11 , 64 bit Build 26100 (10.0.26100.8246)
OS uptime: 1 days 1:00 hours

CPU: total 8 (initial active 8) (4 cores per cpu, 2 threads per core) family 6 model 142 stepping 12 microcode 0xf8, cx8, cmov, fxsr, ht, mmx, 3dnowpref, sse, sse2, sse3, ssse3, sse4.1, sse4.2, popcnt, lzcnt, tsc, tscinvbit, avx, avx2, aes, erms, clmul, bmi1, bmi2, adx, fma, vzeroupper, clflush, clflushopt, rdtscp, f16c
Processor Information for the first 8 processors :
  Max Mhz: 2304, Current Mhz: 1803, Mhz Limit: 1797

Memory: 4k page, system-wide physical 7942M (702M free)
TotalPageFile size 16134M (AvailPageFile size 32M)
current process WorkingSet (physical memory assigned to process): 778M, peak: 814M
current process commit charge ("private bytes"): 721M, peak: 753M

vm_info: OpenJDK 64-Bit Server VM (21.0.10+7-LTS) for windows-amd64 JRE (21.0.10+7-LTS), built on 2026-01-20T00:00:00Z by "admin" with MS VC++ 17.12 (VS2022)

END.
